<?xml version="1.0" encoding="UTF-8"?>
<robot generator="Robot 6.0.1 (Python 3.11.0 on win32)" generated="20221229 08:29:25.105" rpa="false" schemaversion="3">
<suite id="s1" name="Amazon Testes" source="C:\Robot\Udm\WebTesting\amazon_testes.robot">
<test id="s1-t1" name="Caso de Teste 01 - Acesso ao menu &quot;Eletrônicos" line="9">
<kw name="Abrir o navegador" library="amazon_resources" type="SETUP">
<kw name="Open Browser" library="SeleniumLibrary">
<arg>browser=${BROWSER}</arg>
<doc>Opens a new browser instance to the optional ``url``.</doc>
<msg timestamp="20221229 08:29:25.392" level="INFO">Opening browser 'chrome' to base url 'None'.</msg>
<status status="PASS" starttime="20221229 08:29:25.392" endtime="20221229 08:29:27.612"/>
</kw>
<kw name="Maximize Browser Window" library="SeleniumLibrary">
<doc>Maximizes current browser window.</doc>
<status status="PASS" starttime="20221229 08:29:27.613" endtime="20221229 08:29:27.726"/>
</kw>
<status status="PASS" starttime="20221229 08:29:25.392" endtime="20221229 08:29:27.726"/>
</kw>
<kw name="Acessar a home page do site Amazon.com.br" library="amazon_resources">
<kw name="Go To" library="SeleniumLibrary">
<arg>url=${URL}</arg>
<doc>Navigates the current browser window to the provided ``url``.</doc>
<msg timestamp="20221229 08:29:27.728" level="INFO">Opening url 'https://www.amazon.com.br'</msg>
<status status="PASS" starttime="20221229 08:29:27.727" endtime="20221229 08:29:32.159"/>
</kw>
<kw name="Wait Until Element Is Visible" library="SeleniumLibrary">
<arg>locator=${MENU_ELETRONICOS}</arg>
<doc>Waits until the element ``locator`` is visible.</doc>
<status status="PASS" starttime="20221229 08:29:32.159" endtime="20221229 08:29:32.261"/>
</kw>
<status status="PASS" starttime="20221229 08:29:27.727" endtime="20221229 08:29:32.261"/>
</kw>
<kw name="Verificar se o título da página fica &quot;Amazon.com.br | Tudo pra você, de A a Z.&quot;" library="amazon_resources" sourcename="Verificar se o título da página fica &quot;${TITULO}&quot;">
<kw name="Title Should Be" library="SeleniumLibrary">
<arg>title=${TITULO}</arg>
<doc>Verifies that the current page title equals ``title``.</doc>
<msg timestamp="20221229 08:29:32.277" level="INFO">Page title is 'Amazon.com.br | Tudo pra você, de A a Z.'.</msg>
<status status="PASS" starttime="20221229 08:29:32.262" endtime="20221229 08:29:32.277"/>
</kw>
<status status="PASS" starttime="20221229 08:29:32.261" endtime="20221229 08:29:32.277"/>
</kw>
<kw name="Verificar no menu &quot;Eletrônicos&quot;" library="amazon_resources">
<kw name="Click Element" library="SeleniumLibrary">
<arg>locator=${MENU_ELETRONICOS}</arg>
<doc>Click the element identified by ``locator``.</doc>
<msg timestamp="20221229 08:29:32.279" level="INFO">Clicking element '//a[@href='/Eletronicos-e-Tecnologia/b/?ie=UTF8&amp;node=16209062011&amp;ref_=nav_cs_electronics'][contains(.,'Eletrônicos')]'.</msg>
<status status="PASS" starttime="20221229 08:29:32.278" endtime="20221229 08:29:33.241"/>
</kw>
<status status="PASS" starttime="20221229 08:29:32.278" endtime="20221229 08:29:33.241"/>
</kw>
<kw name="Verificar se aparece a frase &quot;Eletrônicos e Tecnologia&quot;" library="amazon_resources" sourcename="Verificar se aparece a frase &quot;${FRASE}&quot;">
<kw name="Wait Until Page Contains" library="SeleniumLibrary">
<arg>text=${FRASE}</arg>
<doc>Waits until ``text`` appears on the current page.</doc>
<status status="PASS" starttime="20221229 08:29:33.243" endtime="20221229 08:29:33.766"/>
</kw>
<kw name="Wait Until Element Is Visible" library="SeleniumLibrary">
<arg>locator=${HEADER_ELETRONICOS}</arg>
<doc>Waits until the element ``locator`` is visible.</doc>
<status status="PASS" starttime="20221229 08:29:33.766" endtime="20221229 08:29:34.310"/>
</kw>
<status status="PASS" starttime="20221229 08:29:33.243" endtime="20221229 08:29:34.310"/>
</kw>
<kw name="Verificar se o título da página fica &quot;Eletrônicos e Tecnologia | Amazon.com.br&quot;" library="amazon_resources" sourcename="Verificar se o título da página fica &quot;${TITULO}&quot;">
<kw name="Title Should Be" library="SeleniumLibrary">
<arg>title=${TITULO}</arg>
<doc>Verifies that the current page title equals ``title``.</doc>
<msg timestamp="20221229 08:29:34.617" level="INFO">Page title is 'Eletrônicos e Tecnologia | Amazon.com.br'.</msg>
<status status="PASS" starttime="20221229 08:29:34.311" endtime="20221229 08:29:34.618"/>
</kw>
<status status="PASS" starttime="20221229 08:29:34.310" endtime="20221229 08:29:34.618"/>
</kw>
<kw name="Verificar se aparece a categoria &quot;Computadores e Informática&quot;" library="amazon_resources" sourcename="Verificar se aparece a categoria &quot;${NOME_CATEGORIA}&quot;">
<kw name="Element Should Be Visible" library="SeleniumLibrary">
<arg>locator=//a[@aria-label='${NOME_CATEGORIA}']</arg>
<doc>Verifies that the element identified by ``locator`` is visible.</doc>
<msg timestamp="20221229 08:29:34.761" level="INFO">Element '//a[@aria-label='Computadores e Informática']' is displayed.</msg>
<status status="PASS" starttime="20221229 08:29:34.619" endtime="20221229 08:29:34.761"/>
</kw>
<status status="PASS" starttime="20221229 08:29:34.618" endtime="20221229 08:29:34.761"/>
</kw>
<kw name="Fechar o navegador" library="amazon_resources" type="TEARDOWN">
<kw name="Capture Page Screenshot" library="SeleniumLibrary">
<doc>Takes a screenshot of the current page and embeds it into a log file.</doc>
<msg timestamp="20221229 08:29:34.979" level="INFO" html="true">&lt;/td&gt;&lt;/tr&gt;&lt;tr&gt;&lt;td colspan="3"&gt;&lt;a href="selenium-screenshot-1.png"&gt;&lt;img src="selenium-screenshot-1.png" width="800px"&gt;&lt;/a&gt;</msg>
<status status="PASS" starttime="20221229 08:29:34.762" endtime="20221229 08:29:34.979"/>
</kw>
<kw name="Close Browser" library="SeleniumLibrary">
<doc>Closes the current browser.</doc>
<status status="PASS" starttime="20221229 08:29:34.979" endtime="20221229 08:29:37.183"/>
</kw>
<status status="PASS" starttime="20221229 08:29:34.762" endtime="20221229 08:29:37.183"/>
</kw>
<doc>Esse Teste verifica o menu Eletrônicos do site da Amazon.com.br
e verifica a categoria Computadores e Informática</doc>
<tag>categoria</tag>
<tag>menus</tag>
<status status="PASS" starttime="20221229 08:29:25.391" endtime="20221229 08:29:37.185"/>
</test>
<test id="s1-t2" name="Caso de Teste 02 - Pesquisa de um Produto" line="20">
<kw name="Abrir o navegador" library="amazon_resources" type="SETUP">
<kw name="Open Browser" library="SeleniumLibrary">
<arg>browser=${BROWSER}</arg>
<doc>Opens a new browser instance to the optional ``url``.</doc>
<msg timestamp="20221229 08:29:37.191" level="INFO">Opening browser 'chrome' to base url 'None'.</msg>
<status status="PASS" starttime="20221229 08:29:37.190" endtime="20221229 08:29:38.300"/>
</kw>
<kw name="Maximize Browser Window" library="SeleniumLibrary">
<doc>Maximizes current browser window.</doc>
<status status="PASS" starttime="20221229 08:29:38.300" endtime="20221229 08:29:38.412"/>
</kw>
<status status="PASS" starttime="20221229 08:29:37.189" endtime="20221229 08:29:38.412"/>
</kw>
<kw name="Acessar a home page do site Amazon.com.br" library="amazon_resources">
<kw name="Go To" library="SeleniumLibrary">
<arg>url=${URL}</arg>
<doc>Navigates the current browser window to the provided ``url``.</doc>
<msg timestamp="20221229 08:29:38.413" level="INFO">Opening url 'https://www.amazon.com.br'</msg>
<status status="PASS" starttime="20221229 08:29:38.413" endtime="20221229 08:29:42.530"/>
</kw>
<kw name="Wait Until Element Is Visible" library="SeleniumLibrary">
<arg>locator=${MENU_ELETRONICOS}</arg>
<doc>Waits until the element ``locator`` is visible.</doc>
<status status="PASS" starttime="20221229 08:29:42.530" endtime="20221229 08:29:42.559"/>
</kw>
<status status="PASS" starttime="20221229 08:29:38.413" endtime="20221229 08:29:42.559"/>
</kw>
<kw name="Digitar o nome de produto &quot;Xbox Series S&quot; no campo de pesquisa" library="amazon_resources" sourcename="Digitar o nome de produto &quot;${PRODUTO}&quot; no campo de pesquisa">
<kw name="Input Text" library="SeleniumLibrary">
<arg>locator=twotabsearchtextbox</arg>
<arg>text=${PRODUTO}</arg>
<doc>Types the given ``text`` into the text field identified by ``locator``.</doc>
<msg timestamp="20221229 08:29:42.560" level="INFO">Typing text 'Xbox Series S' into text field 'twotabsearchtextbox'.</msg>
<status status="PASS" starttime="20221229 08:29:42.560" endtime="20221229 08:29:42.813"/>
</kw>
<status status="PASS" starttime="20221229 08:29:42.559" endtime="20221229 08:29:42.813"/>
</kw>
<kw name="Clicar no botão de pesquisa" library="amazon_resources">
<kw name="Click Element" library="SeleniumLibrary">
<arg>locator=nav-search-submit-text</arg>
<doc>Click the element identified by ``locator``.</doc>
<msg timestamp="20221229 08:29:42.817" level="INFO">Clicking element 'nav-search-submit-text'.</msg>
<status status="PASS" starttime="20221229 08:29:42.817" endtime="20221229 08:29:42.969"/>
</kw>
<status status="PASS" starttime="20221229 08:29:42.816" endtime="20221229 08:29:42.969"/>
</kw>
<kw name="Verificar o resultado da pesquisa se está listando o produto &quot;Console Xbox Series S&quot;" library="amazon_resources" sourcename="Verificar o resultado da pesquisa se está listando o produto &quot;${PRODUTO}&quot;">
<kw name="Wait Until Element Is Visible" library="SeleniumLibrary">
<arg>locator=(//span[contains(.,'${PRODUTO}')])[2]</arg>
<doc>Waits until the element ``locator`` is visible.</doc>
<status status="PASS" starttime="20221229 08:29:42.970" endtime="20221229 08:29:44.450"/>
</kw>
<status status="PASS" starttime="20221229 08:29:42.969" endtime="20221229 08:29:44.450"/>
</kw>
<kw name="Fechar o navegador" library="amazon_resources" type="TEARDOWN">
<kw name="Capture Page Screenshot" library="SeleniumLibrary">
<doc>Takes a screenshot of the current page and embeds it into a log file.</doc>
<msg timestamp="20221229 08:29:45.158" level="INFO" html="true">&lt;/td&gt;&lt;/tr&gt;&lt;tr&gt;&lt;td colspan="3"&gt;&lt;a href="selenium-screenshot-2.png"&gt;&lt;img src="selenium-screenshot-2.png" width="800px"&gt;&lt;/a&gt;</msg>
<status status="PASS" starttime="20221229 08:29:44.451" endtime="20221229 08:29:45.158"/>
</kw>
<kw name="Close Browser" library="SeleniumLibrary">
<doc>Closes the current browser.</doc>
<status status="PASS" starttime="20221229 08:29:45.158" endtime="20221229 08:29:47.347"/>
</kw>
<status status="PASS" starttime="20221229 08:29:44.451" endtime="20221229 08:29:47.347"/>
</kw>
<doc>Esse Teste verifica a busca de um produto</doc>
<tag>busca_produtos</tag>
<tag>lista_busca</tag>
<status status="PASS" starttime="20221229 08:29:37.188" endtime="20221229 08:29:47.349"/>
</test>
<test id="s1-t3" name="Caso de Teste 03 - Adicionar Produto no Carrinho" line="28">
<kw name="Abrir o navegador" library="amazon_resources" type="SETUP">
<kw name="Open Browser" library="SeleniumLibrary">
<arg>browser=${BROWSER}</arg>
<doc>Opens a new browser instance to the optional ``url``.</doc>
<msg timestamp="20221229 08:29:47.355" level="INFO">Opening browser 'chrome' to base url 'None'.</msg>
<status status="PASS" starttime="20221229 08:29:47.354" endtime="20221229 08:29:48.607"/>
</kw>
<kw name="Maximize Browser Window" library="SeleniumLibrary">
<doc>Maximizes current browser window.</doc>
<status status="PASS" starttime="20221229 08:29:48.607" endtime="20221229 08:29:48.729"/>
</kw>
<status status="PASS" starttime="20221229 08:29:47.353" endtime="20221229 08:29:48.729"/>
</kw>
<kw name="Acessar a home page do site Amazon.com.br" library="amazon_resources">
<kw name="Go To" library="SeleniumLibrary">
<arg>url=${URL}</arg>
<doc>Navigates the current browser window to the provided ``url``.</doc>
<msg timestamp="20221229 08:29:48.730" level="INFO">Opening url 'https://www.amazon.com.br'</msg>
<status status="PASS" starttime="20221229 08:29:48.730" endtime="20221229 08:29:53.086"/>
</kw>
<kw name="Wait Until Element Is Visible" library="SeleniumLibrary">
<arg>locator=${MENU_ELETRONICOS}</arg>
<doc>Waits until the element ``locator`` is visible.</doc>
<status status="PASS" starttime="20221229 08:29:53.086" endtime="20221229 08:29:53.149"/>
</kw>
<status status="PASS" starttime="20221229 08:29:48.730" endtime="20221229 08:29:53.149"/>
</kw>
<kw name="Digitar o nome de produto &quot;Xbox Series S&quot; no campo de pesquisa" library="amazon_resources" sourcename="Digitar o nome de produto &quot;${PRODUTO}&quot; no campo de pesquisa">
<kw name="Input Text" library="SeleniumLibrary">
<arg>locator=twotabsearchtextbox</arg>
<arg>text=${PRODUTO}</arg>
<doc>Types the given ``text`` into the text field identified by ``locator``.</doc>
<msg timestamp="20221229 08:29:53.150" level="INFO">Typing text 'Xbox Series S' into text field 'twotabsearchtextbox'.</msg>
<status status="PASS" starttime="20221229 08:29:53.149" endtime="20221229 08:29:53.363"/>
</kw>
<status status="PASS" starttime="20221229 08:29:53.149" endtime="20221229 08:29:53.363"/>
</kw>
<kw name="Clicar no botão de pesquisa" library="amazon_resources">
<kw name="Click Element" library="SeleniumLibrary">
<arg>locator=nav-search-submit-text</arg>
<doc>Click the element identified by ``locator``.</doc>
<msg timestamp="20221229 08:29:53.365" level="INFO">Clicking element 'nav-search-submit-text'.</msg>
<status status="PASS" starttime="20221229 08:29:53.364" endtime="20221229 08:29:53.537"/>
</kw>
<status status="PASS" starttime="20221229 08:29:53.364" endtime="20221229 08:29:53.538"/>
</kw>
<kw name="Verificar o resultado da pesquisa se está listando o produto &quot;Console Xbox Series S&quot;" library="amazon_resources" sourcename="Verificar o resultado da pesquisa se está listando o produto &quot;${PRODUTO}&quot;">
<kw name="Wait Until Element Is Visible" library="SeleniumLibrary">
<arg>locator=(//span[contains(.,'${PRODUTO}')])[2]</arg>
<doc>Waits until the element ``locator`` is visible.</doc>
<status status="PASS" starttime="20221229 08:29:53.540" endtime="20221229 08:29:55.094"/>
</kw>
<status status="PASS" starttime="20221229 08:29:53.539" endtime="20221229 08:29:55.094"/>
</kw>
<kw name="Adicionar o produto &quot;Console Xbox Series S&quot; no carrinho" library="amazon_resources" sourcename="Adicionar o produto &quot;${PRODUTO}&quot; no carrinho">
<kw name="Click Element" library="SeleniumLibrary">
<arg>locator=//img[contains(@alt,'${PRODUTO}')]</arg>
<doc>Click the element identified by ``locator``.</doc>
<msg timestamp="20221229 08:29:55.095" level="INFO">Clicking element '//img[contains(@alt,'Console Xbox Series S')]'.</msg>
<status status="PASS" starttime="20221229 08:29:55.095" endtime="20221229 08:29:58.880"/>
</kw>
<kw name="Click Button" library="SeleniumLibrary">
<arg>locator=add-to-cart-button</arg>
<doc>Clicks the button identified by ``locator``.</doc>
<msg timestamp="20221229 08:29:58.881" level="INFO">Clicking button 'add-to-cart-button'.</msg>
<status status="PASS" starttime="20221229 08:29:58.880" endtime="20221229 08:30:00.486"/>
</kw>
<status status="PASS" starttime="20221229 08:29:55.094" endtime="20221229 08:30:00.486"/>
</kw>
<kw name="Verificar se o produto &quot;Console Xbox Series S&quot; foi adicionado com sucesso" library="amazon_resources" sourcename="Verificar se o produto &quot;${PRODUTO}&quot; foi adicionado com sucesso">
<kw name="Click Element" library="SeleniumLibrary">
<arg>locator=nav-cart-text-container</arg>
<doc>Click the element identified by ``locator``.</doc>
<msg timestamp="20221229 08:30:00.487" level="INFO">Clicking element 'nav-cart-text-container'.</msg>
<status status="PASS" starttime="20221229 08:30:00.487" endtime="20221229 08:30:02.268"/>
</kw>
<kw name="Wait Until Element Is Visible" library="SeleniumLibrary">
<arg>locator=//span[@class='a-truncate-cut'][contains(.,'${PRODUTO}')]</arg>
<doc>Waits until the element ``locator`` is visible.</doc>
<status status="PASS" starttime="20221229 08:30:02.268" endtime="20221229 08:30:02.312"/>
</kw>
<status status="PASS" starttime="20221229 08:30:00.486" endtime="20221229 08:30:02.313"/>
</kw>
<kw name="Fechar o navegador" library="amazon_resources" type="TEARDOWN">
<kw name="Capture Page Screenshot" library="SeleniumLibrary">
<doc>Takes a screenshot of the current page and embeds it into a log file.</doc>
<msg timestamp="20221229 08:30:02.482" level="INFO" html="true">&lt;/td&gt;&lt;/tr&gt;&lt;tr&gt;&lt;td colspan="3"&gt;&lt;a href="selenium-screenshot-3.png"&gt;&lt;img src="selenium-screenshot-3.png" width="800px"&gt;&lt;/a&gt;</msg>
<status status="PASS" starttime="20221229 08:30:02.314" endtime="20221229 08:30:02.482"/>
</kw>
<kw name="Close Browser" library="SeleniumLibrary">
<doc>Closes the current browser.</doc>
<status status="PASS" starttime="20221229 08:30:02.482" endtime="20221229 08:30:04.717"/>
</kw>
<status status="PASS" starttime="20221229 08:30:02.313" endtime="20221229 08:30:04.717"/>
</kw>
<doc>Esse teste verifica a adição de um produto no carrinho de compras</doc>
<tag>adicionar_carrinho</tag>
<status status="PASS" starttime="20221229 08:29:47.352" endtime="20221229 08:30:04.718"/>
</test>
<test id="s1-t4" name="Caso de Teste 04 - Remover Produto do Carrinho" line="38">
<kw name="Abrir o navegador" library="amazon_resources" type="SETUP">
<kw name="Open Browser" library="SeleniumLibrary">
<arg>browser=${BROWSER}</arg>
<doc>Opens a new browser instance to the optional ``url``.</doc>
<msg timestamp="20221229 08:30:04.724" level="INFO">Opening browser 'chrome' to base url 'None'.</msg>
<status status="PASS" starttime="20221229 08:30:04.723" endtime="20221229 08:30:05.916"/>
</kw>
<kw name="Maximize Browser Window" library="SeleniumLibrary">
<doc>Maximizes current browser window.</doc>
<status status="PASS" starttime="20221229 08:30:05.917" endtime="20221229 08:30:06.041"/>
</kw>
<status status="PASS" starttime="20221229 08:30:04.722" endtime="20221229 08:30:06.041"/>
</kw>
<kw name="Acessar a home page do site Amazon.com.br" library="amazon_resources">
<kw name="Go To" library="SeleniumLibrary">
<arg>url=${URL}</arg>
<doc>Navigates the current browser window to the provided ``url``.</doc>
<msg timestamp="20221229 08:30:06.043" level="INFO">Opening url 'https://www.amazon.com.br'</msg>
<status status="PASS" starttime="20221229 08:30:06.042" endtime="20221229 08:30:10.254"/>
</kw>
<kw name="Wait Until Element Is Visible" library="SeleniumLibrary">
<arg>locator=${MENU_ELETRONICOS}</arg>
<doc>Waits until the element ``locator`` is visible.</doc>
<status status="PASS" starttime="20221229 08:30:10.255" endtime="20221229 08:30:10.284"/>
</kw>
<status status="PASS" starttime="20221229 08:30:06.042" endtime="20221229 08:30:10.285"/>
</kw>
<kw name="Digitar o nome de produto &quot;Xbox Series S&quot; no campo de pesquisa" library="amazon_resources" sourcename="Digitar o nome de produto &quot;${PRODUTO}&quot; no campo de pesquisa">
<kw name="Input Text" library="SeleniumLibrary">
<arg>locator=twotabsearchtextbox</arg>
<arg>text=${PRODUTO}</arg>
<doc>Types the given ``text`` into the text field identified by ``locator``.</doc>
<msg timestamp="20221229 08:30:10.286" level="INFO">Typing text 'Xbox Series S' into text field 'twotabsearchtextbox'.</msg>
<status status="PASS" starttime="20221229 08:30:10.285" endtime="20221229 08:30:10.515"/>
</kw>
<status status="PASS" starttime="20221229 08:30:10.285" endtime="20221229 08:30:10.516"/>
</kw>
<kw name="Clicar no botão de pesquisa" library="amazon_resources">
<kw name="Click Element" library="SeleniumLibrary">
<arg>locator=nav-search-submit-text</arg>
<doc>Click the element identified by ``locator``.</doc>
<msg timestamp="20221229 08:30:10.517" level="INFO">Clicking element 'nav-search-submit-text'.</msg>
<status status="PASS" starttime="20221229 08:30:10.516" endtime="20221229 08:30:10.665"/>
</kw>
<status status="PASS" starttime="20221229 08:30:10.516" endtime="20221229 08:30:10.665"/>
</kw>
<kw name="Verificar o resultado da pesquisa se está listando o produto &quot;Console Xbox Series S&quot;" library="amazon_resources" sourcename="Verificar o resultado da pesquisa se está listando o produto &quot;${PRODUTO}&quot;">
<kw name="Wait Until Element Is Visible" library="SeleniumLibrary">
<arg>locator=(//span[contains(.,'${PRODUTO}')])[2]</arg>
<doc>Waits until the element ``locator`` is visible.</doc>
<status status="PASS" starttime="20221229 08:30:10.666" endtime="20221229 08:30:11.964"/>
</kw>
<status status="PASS" starttime="20221229 08:30:10.666" endtime="20221229 08:30:11.964"/>
</kw>
<kw name="Adicionar o produto &quot;Console Xbox Series S&quot; no carrinho" library="amazon_resources" sourcename="Adicionar o produto &quot;${PRODUTO}&quot; no carrinho">
<kw name="Click Element" library="SeleniumLibrary">
<arg>locator=//img[contains(@alt,'${PRODUTO}')]</arg>
<doc>Click the element identified by ``locator``.</doc>
<msg timestamp="20221229 08:30:11.965" level="INFO">Clicking element '//img[contains(@alt,'Console Xbox Series S')]'.</msg>
<status status="PASS" starttime="20221229 08:30:11.965" endtime="20221229 08:30:15.753"/>
</kw>
<kw name="Click Button" library="SeleniumLibrary">
<arg>locator=add-to-cart-button</arg>
<doc>Clicks the button identified by ``locator``.</doc>
<msg timestamp="20221229 08:30:15.753" level="INFO">Clicking button 'add-to-cart-button'.</msg>
<status status="PASS" starttime="20221229 08:30:15.753" endtime="20221229 08:30:17.253"/>
</kw>
<status status="PASS" starttime="20221229 08:30:11.964" endtime="20221229 08:30:17.253"/>
</kw>
<kw name="Verificar se o produto &quot;Console Xbox Series S&quot; foi adicionado com sucesso" library="amazon_resources" sourcename="Verificar se o produto &quot;${PRODUTO}&quot; foi adicionado com sucesso">
<kw name="Click Element" library="SeleniumLibrary">
<arg>locator=nav-cart-text-container</arg>
<doc>Click the element identified by ``locator``.</doc>
<msg timestamp="20221229 08:30:17.256" level="INFO">Clicking element 'nav-cart-text-container'.</msg>
<status status="PASS" starttime="20221229 08:30:17.255" endtime="20221229 08:30:19.133"/>
</kw>
<kw name="Wait Until Element Is Visible" library="SeleniumLibrary">
<arg>locator=//span[@class='a-truncate-cut'][contains(.,'${PRODUTO}')]</arg>
<doc>Waits until the element ``locator`` is visible.</doc>
<status status="PASS" starttime="20221229 08:30:19.133" endtime="20221229 08:30:19.204"/>
</kw>
<status status="PASS" starttime="20221229 08:30:17.255" endtime="20221229 08:30:19.204"/>
</kw>
<kw name="Remover o produto &quot;Console Xbox Series S&quot; do carrinho" library="amazon_resources" sourcename="Remover o produto &quot;${PRODUTO}&quot; do carrinho">
<kw name="Click Element" library="SeleniumLibrary">
<arg>locator=//input[contains(@aria-label,'Excluir ${PRODUTO}')]</arg>
<doc>Click the element identified by ``locator``.</doc>
<msg timestamp="20221229 08:30:19.220" level="INFO">Clicking element '//input[contains(@aria-label,'Excluir Console Xbox Series S')]'.</msg>
<status status="PASS" starttime="20221229 08:30:19.219" endtime="20221229 08:30:19.371"/>
</kw>
<status status="PASS" starttime="20221229 08:30:19.219" endtime="20221229 08:30:19.371"/>
</kw>
<kw name="Verificar se o carrinho fica vazio" library="amazon_resources">
<kw name="Wait Until Element Is Visible" library="SeleniumLibrary">
<arg>locator=//h1[contains(.,'Seu carrinho de compras da Amazon está vazio.')]</arg>
<doc>Waits until the element ``locator`` is visible.</doc>
<status status="PASS" starttime="20221229 08:30:19.375" endtime="20221229 08:30:19.674"/>
</kw>
<kw name="Element Should Be Visible" library="SeleniumLibrary">
<arg>locator=//h1[contains(.,'Seu carrinho de compras da Amazon está vazio.')]</arg>
<doc>Verifies that the element identified by ``locator`` is visible.</doc>
<msg timestamp="20221229 08:30:19.689" level="INFO">Element '//h1[contains(.,'Seu carrinho de compras da Amazon está vazio.')]' is displayed.</msg>
<status status="PASS" starttime="20221229 08:30:19.675" endtime="20221229 08:30:19.689"/>
</kw>
<status status="PASS" starttime="20221229 08:30:19.375" endtime="20221229 08:30:19.690"/>
</kw>
<kw name="Fechar o navegador" library="amazon_resources" type="TEARDOWN">
<kw name="Capture Page Screenshot" library="SeleniumLibrary">
<doc>Takes a screenshot of the current page and embeds it into a log file.</doc>
<msg timestamp="20221229 08:30:19.848" level="INFO" html="true">&lt;/td&gt;&lt;/tr&gt;&lt;tr&gt;&lt;td colspan="3"&gt;&lt;a href="selenium-screenshot-4.png"&gt;&lt;img src="selenium-screenshot-4.png" width="800px"&gt;&lt;/a&gt;</msg>
<status status="PASS" starttime="20221229 08:30:19.691" endtime="20221229 08:30:19.848"/>
</kw>
<kw name="Close Browser" library="SeleniumLibrary">
<doc>Closes the current browser.</doc>
<status status="PASS" starttime="20221229 08:30:19.848" endtime="20221229 08:30:22.105"/>
</kw>
<status status="PASS" starttime="20221229 08:30:19.690" endtime="20221229 08:30:22.105"/>
</kw>
<doc>Esse teste verifica a remoção de um produto no carrinho de compras</doc>
<tag>remover_carrinho</tag>
<status status="PASS" starttime="20221229 08:30:04.721" endtime="20221229 08:30:22.106"/>
</test>
<doc>Essa suite testa o site da Amazon.com.br</doc>
<status status="PASS" starttime="20221229 08:29:25.108" endtime="20221229 08:30:22.109"/>
</suite>
<statistics>
<total>
<stat pass="4" fail="0" skip="0">All Tests</stat>
</total>
<tag>
<stat pass="1" fail="0" skip="0">adicionar_carrinho</stat>
<stat pass="1" fail="0" skip="0">busca_produtos</stat>
<stat pass="1" fail="0" skip="0">categoria</stat>
<stat pass="1" fail="0" skip="0">lista_busca</stat>
<stat pass="1" fail="0" skip="0">menus</stat>
<stat pass="1" fail="0" skip="0">remover_carrinho</stat>
</tag>
<suite>
<stat pass="4" fail="0" skip="0" id="s1" name="Amazon Testes">Amazon Testes</stat>
</suite>
</statistics>
<errors>
</errors>
</robot>
