<?xml version="1.0" encoding="UTF-8"?>
<robot generator="Robot 5.0.1 (Python 3.8.5 on win32)" generated="20221228 17:11:32.889" rpa="false" schemaversion="3">
<suite id="s1" name="Amazon Testes Gherkin Bdd" source="C:\Robot\Udm\WebTesting\amazon_testes_gherkin_bdd.robot">
<test id="s1-t1" name="Caso de Teste 04 - Remover Produto do Carrinho" line="37">
<kw name="Abrir o navegador" library="amazon_resources" type="SETUP">
<kw name="Open Browser" library="SeleniumLibrary">
<arg>browser=${BROWSER}</arg>
<doc>Opens a new browser instance to the optional ``url``.</doc>
<msg timestamp="20221228 17:11:34.178" level="INFO">Opening browser 'chrome' to base url 'None'.</msg>
<status status="PASS" starttime="20221228 17:11:34.177" endtime="20221228 17:11:38.854"/>
</kw>
<kw name="Maximize Browser Window" library="SeleniumLibrary">
<doc>Maximizes current browser window.</doc>
<status status="PASS" starttime="20221228 17:11:38.854" endtime="20221228 17:11:39.633"/>
</kw>
<status status="PASS" starttime="20221228 17:11:34.177" endtime="20221228 17:11:39.633"/>
</kw>
<kw name="Dado que estou na home page da Amazon.com.br" library="amazon_resources">
<kw name="Acessar a home page do site Amazon.com.br" library="amazon_resources">
<kw name="Go To" library="SeleniumLibrary">
<arg>url=${URL}</arg>
<doc>Navigates the current browser window to the provided ``url``.</doc>
<msg timestamp="20221228 17:11:39.665" level="INFO">Opening url 'https://www.amazon.com.br'</msg>
<status status="PASS" starttime="20221228 17:11:39.665" endtime="20221228 17:11:56.924"/>
</kw>
<kw name="Wait Until Element Is Visible" library="SeleniumLibrary">
<arg>locator=${MENU_ELETRONICOS}</arg>
<doc>Waits until the element ``locator`` is visible.</doc>
<status status="PASS" starttime="20221228 17:11:56.925" endtime="20221228 17:11:57.127"/>
</kw>
<status status="PASS" starttime="20221228 17:11:39.665" endtime="20221228 17:11:57.128"/>
</kw>
<kw name="Verificar se o título da página fica &quot;Amazon.com.br | Tudo pra você, de A a Z.&quot;" library="amazon_resources" sourcename="Verificar se o título da página fica &quot;${TITULO}&quot;">
<kw name="Title Should Be" library="SeleniumLibrary">
<arg>title=${TITULO}</arg>
<doc>Verifies that the current page title equals ``title``.</doc>
<msg timestamp="20221228 17:11:57.168" level="INFO">Page title is 'Amazon.com.br | Tudo pra você, de A a Z.'.</msg>
<status status="PASS" starttime="20221228 17:11:57.129" endtime="20221228 17:11:57.169"/>
</kw>
<status status="PASS" starttime="20221228 17:11:57.128" endtime="20221228 17:11:57.169"/>
</kw>
<status status="PASS" starttime="20221228 17:11:39.665" endtime="20221228 17:11:57.169"/>
</kw>
<kw name="Quando pesquisar pelo produto &quot;Xbox Series S&quot;" library="amazon_resources">
<kw name="Digitar o nome de produto &quot;Xbox Series S&quot; no campo de pesquisa" library="amazon_resources" sourcename="Digitar o nome de produto &quot;${PRODUTO}&quot; no campo de pesquisa">
<kw name="Input Text" library="SeleniumLibrary">
<arg>locator=twotabsearchtextbox</arg>
<arg>text=${PRODUTO}</arg>
<doc>Types the given ``text`` into the text field identified by ``locator``.</doc>
<msg timestamp="20221228 17:11:57.224" level="INFO">Typing text 'Xbox Series S' into text field 'twotabsearchtextbox'.</msg>
<status status="PASS" starttime="20221228 17:11:57.223" endtime="20221228 17:11:58.409"/>
</kw>
<status status="PASS" starttime="20221228 17:11:57.223" endtime="20221228 17:11:58.410"/>
</kw>
<kw name="Clicar no botão de pesquisa" library="amazon_resources">
<kw name="Click Element" library="SeleniumLibrary">
<arg>locator=nav-search-submit-text</arg>
<doc>Click the element identified by ``locator``.</doc>
<msg timestamp="20221228 17:11:58.411" level="INFO">Clicking element 'nav-search-submit-text'.</msg>
<status status="PASS" starttime="20221228 17:11:58.410" endtime="20221228 17:12:14.745"/>
</kw>
<status status="PASS" starttime="20221228 17:11:58.410" endtime="20221228 17:12:14.746"/>
</kw>
<status status="PASS" starttime="20221228 17:11:57.222" endtime="20221228 17:12:14.746"/>
</kw>
<kw name="Então o título da página deve ficar &quot;Amazon.com.br : Xbox Series S&quot;" library="amazon_resources">
<kw name="Verificar se o título da página fica &quot;Amazon.com.br : Xbox Series S&quot;" library="amazon_resources" sourcename="Verificar se o título da página fica &quot;${TITULO}&quot;">
<kw name="Title Should Be" library="SeleniumLibrary">
<arg>title=${TITULO}</arg>
<doc>Verifies that the current page title equals ``title``.</doc>
<msg timestamp="20221228 17:12:14.962" level="INFO">Page title is 'Amazon.com.br : Xbox Series S'.</msg>
<status status="PASS" starttime="20221228 17:12:14.764" endtime="20221228 17:12:14.962"/>
</kw>
<status status="PASS" starttime="20221228 17:12:14.763" endtime="20221228 17:12:14.963"/>
</kw>
<status status="PASS" starttime="20221228 17:12:14.762" endtime="20221228 17:12:14.963"/>
</kw>
<kw name="E um produto da linha &quot;Xbox Series S&quot; deve ser mostrado na página" library="amazon_resources">
<kw name="Verificar o resultado da pesquisa se está listando o produto &quot;Console Xbox Series S&quot;" library="amazon_resources" sourcename="Verificar o resultado da pesquisa se está listando o produto &quot;${PRODUTO}&quot;">
<kw name="Wait Until Element Is Visible" library="SeleniumLibrary">
<arg>locator=(//span[contains(.,'${PRODUTO}')])[2]</arg>
<doc>Waits until the element ``locator`` is visible.</doc>
<status status="PASS" starttime="20221228 17:12:14.990" endtime="20221228 17:12:15.264"/>
</kw>
<status status="PASS" starttime="20221228 17:12:14.989" endtime="20221228 17:12:15.265"/>
</kw>
<status status="PASS" starttime="20221228 17:12:14.989" endtime="20221228 17:12:15.265"/>
</kw>
<kw name="Quando adicionar o produto &quot;Console Xbox Series S&quot; no carrinho" library="amazon_resources">
<kw name="Adicionar o produto &quot;Console Xbox Series S&quot; no carrinho" library="amazon_resources" sourcename="Adicionar o produto &quot;${PRODUTO}&quot; no carrinho">
<kw name="Click Element" library="SeleniumLibrary">
<arg>locator=//img[contains(@alt,'${PRODUTO}')]</arg>
<doc>Click the element identified by ``locator``.</doc>
<msg timestamp="20221228 17:12:15.358" level="INFO">Clicking element '//img[contains(@alt,'Console Xbox Series S')]'.</msg>
<status status="PASS" starttime="20221228 17:12:15.358" endtime="20221228 17:12:28.017"/>
</kw>
<kw name="Click Button" library="SeleniumLibrary">
<arg>locator=add-to-cart-button</arg>
<doc>Clicks the button identified by ``locator``.</doc>
<msg timestamp="20221228 17:12:28.018" level="INFO">Clicking button 'add-to-cart-button'.</msg>
<status status="PASS" starttime="20221228 17:12:28.018" endtime="20221228 17:12:33.790"/>
</kw>
<status status="PASS" starttime="20221228 17:12:15.357" endtime="20221228 17:12:33.790"/>
</kw>
<status status="PASS" starttime="20221228 17:12:15.357" endtime="20221228 17:12:33.790"/>
</kw>
<kw name="Então o produto &quot;Console Xbox Series S&quot; foi adicionado com sucesso" library="amazon_resources">
<kw name="Verificar se o produto &quot;Console Xbox Series S&quot; foi adicionado com sucesso" library="amazon_resources" sourcename="Verificar se o produto &quot;${PRODUTO}&quot; foi adicionado com sucesso">
<kw name="Click Element" library="SeleniumLibrary">
<arg>locator=nav-cart-text-container</arg>
<doc>Click the element identified by ``locator``.</doc>
<msg timestamp="20221228 17:12:33.854" level="INFO">Clicking element 'nav-cart-text-container'.</msg>
<status status="PASS" starttime="20221228 17:12:33.854" endtime="20221228 17:12:52.231"/>
</kw>
<kw name="Wait Until Element Is Visible" library="SeleniumLibrary">
<arg>locator=//span[@class='a-truncate-cut'][contains(.,'${PRODUTO}')]</arg>
<doc>Waits until the element ``locator`` is visible.</doc>
<status status="PASS" starttime="20221228 17:12:52.231" endtime="20221228 17:12:52.299"/>
</kw>
<status status="PASS" starttime="20221228 17:12:33.853" endtime="20221228 17:12:52.300"/>
</kw>
<status status="PASS" starttime="20221228 17:12:33.852" endtime="20221228 17:12:52.300"/>
</kw>
<kw name="Quando remover o produto &quot;Console Xbox Series S&quot; do carrinho" library="amazon_resources">
<kw name="Remover o produto &quot;Console Xbox Series S&quot; do carrinho" library="amazon_resources" sourcename="Remover o produto &quot;${PRODUTO}&quot; do carrinho">
<kw name="Click Element" library="SeleniumLibrary">
<arg>locator=//input[contains(@aria-label,'Excluir ${PRODUTO}')]</arg>
<doc>Click the element identified by ``locator``.</doc>
<msg timestamp="20221228 17:12:52.333" level="INFO">Clicking element '//input[contains(@aria-label,'Excluir Console Xbox Series S')]'.</msg>
<status status="PASS" starttime="20221228 17:12:52.332" endtime="20221228 17:12:52.896"/>
</kw>
<status status="PASS" starttime="20221228 17:12:52.331" endtime="20221228 17:12:52.896"/>
</kw>
<status status="PASS" starttime="20221228 17:12:52.330" endtime="20221228 17:12:52.896"/>
</kw>
<kw name="Então o carrinho fica vazio" library="amazon_resources">
<kw name="Verificar se o carrinho fica vazio" library="amazon_resources">
<kw name="Wait Until Element Is Visible" library="SeleniumLibrary">
<arg>locator=//h1[contains(.,'Seu carrinho de compras da Amazon está vazio.')]</arg>
<doc>Waits until the element ``locator`` is visible.</doc>
<status status="PASS" starttime="20221228 17:12:52.910" endtime="20221228 17:12:54.123"/>
</kw>
<kw name="Element Should Be Visible" library="SeleniumLibrary">
<arg>locator=//h1[contains(.,'Seu carrinho de compras da Amazon está vazio.')]</arg>
<doc>Verifies that the element identified by ``locator`` is visible.</doc>
<msg timestamp="20221228 17:12:54.200" level="INFO">Element '//h1[contains(.,'Seu carrinho de compras da Amazon está vazio.')]' is displayed.</msg>
<status status="PASS" starttime="20221228 17:12:54.124" endtime="20221228 17:12:54.200"/>
</kw>
<status status="PASS" starttime="20221228 17:12:52.910" endtime="20221228 17:12:54.200"/>
</kw>
<status status="PASS" starttime="20221228 17:12:52.909" endtime="20221228 17:12:54.200"/>
</kw>
<kw name="Fechar o navegador" library="amazon_resources" type="TEARDOWN">
<kw name="Capture Page Screenshot" library="SeleniumLibrary">
<doc>Takes a screenshot of the current page and embeds it into a log file.</doc>
<msg timestamp="20221228 17:12:54.780" level="INFO" html="true">&lt;/td&gt;&lt;/tr&gt;&lt;tr&gt;&lt;td colspan="3"&gt;&lt;a href="selenium-screenshot-78.png"&gt;&lt;img src="selenium-screenshot-78.png" width="800px"&gt;&lt;/a&gt;</msg>
<status status="PASS" starttime="20221228 17:12:54.209" endtime="20221228 17:12:54.781"/>
</kw>
<kw name="Close Browser" library="SeleniumLibrary">
<doc>Closes the current browser.</doc>
<status status="PASS" starttime="20221228 17:12:54.781" endtime="20221228 17:13:29.417"/>
</kw>
<status status="PASS" starttime="20221228 17:12:54.209" endtime="20221228 17:13:29.417"/>
</kw>
<doc>Esse teste verifica a remoção de um produto no carrinho de compras</doc>
<tag>remover_carrinho</tag>
<status status="PASS" starttime="20221228 17:11:34.113" endtime="20221228 17:13:29.417"/>
</test>
<doc>Essa suite testa o site da Amazon.com.br</doc>
<status status="PASS" starttime="20221228 17:11:32.889" endtime="20221228 17:13:29.417"/>
</suite>
<statistics>
<total>
<stat pass="1" fail="0" skip="0">All Tests</stat>
</total>
<tag>
<stat pass="1" fail="0" skip="0">remover_carrinho</stat>
</tag>
<suite>
<stat pass="1" fail="0" skip="0" id="s1" name="Amazon Testes Gherkin Bdd">Amazon Testes Gherkin Bdd</stat>
</suite>
</statistics>
<errors>
</errors>
</robot>
